<?xml version="1.0" encoding="utf-8"?><testsuites name="pytest tests"><testsuite name="pytest" errors="0" failures="0" skipped="0" tests="49" time="1.473" timestamp="2026-05-21T05:37:22.244550+00:00" hostname="runnervmrw5os"><testcase classname="tests.test_cache" name="test_cache_set_get" time="0.006" /><testcase classname="tests.test_cache" name="test_cache_disabled" time="0.001" /><testcase classname="tests.test_cache" name="test_cache_miss" time="0.001" /><testcase classname="tests.test_cache" name="test_cache_pruning" time="0.002" /><testcase classname="tests.test_config" name="test_load_empty_config" time="0.001" /><testcase classname="tests.test_config" name="test_load_valid_config" time="0.004" /><testcase classname="tests.test_config" name="test_load_partial_config_markdown" time="0.002" /><testcase classname="tests.test_config" name="test_load_partial_config_emoji" time="0.002" /><testcase classname="tests.test_config" name="test_load_partial_config_replacements" time="0.003" /><testcase classname="tests.test_config" name="test_load_invalid_config_format" time="0.002" /><testcase classname="tests.test_config" name="test_load_invalid_replacements_format" time="0.002" /><testcase classname="tests.test_config" name="test_load_invalid_regex_pattern" time="0.003" /><testcase classname="tests.test_config" name="test_load_missing_config_file" time="0.001" /><testcase classname="tests.test_config" name="test_load_malformed_yaml" time="0.002" /><testcase classname="tests.test_config" name="test_load_missing_required_regex" time="0.002" /><testcase classname="tests.test_config" name="test_load_incorrect_type_in_config" time="0.002" /><testcase classname="tests.test_handler" name="test_handler_describe" time="0.012" /><testcase classname="tests.test_handler" name="test_handler_describe_failover" time="0.008" /><testcase classname="tests.test_handler" name="test_handler_synthesize_ssml" time="0.008" /><testcase classname="tests.test_handler" name="test_handler_synthesize_cache_hit" time="0.006" /><testcase classname="tests.test_handler" name="test_handler_streaming_synthesize" time="0.009" /><testcase classname="tests.test_handler" name="test_handler_force_streaming_with_flag" time="0.007" /><testcase classname="tests.test_handler" name="test_handler_preserve_streaming_flag" time="0.007" /><testcase classname="tests.test_logging" name="test_json_formatter" time="0.001" /><testcase classname="tests.test_logging" name="test_json_formatter_exception" time="0.001" /><testcase classname="tests.test_main" name="test_main_cli" time="0.004" /><testcase classname="tests.test_main" name="test_main_log_level_env" time="0.004" /><testcase classname="tests.test_main" name="test_main_cli_with_config" time="0.005" /><testcase classname="tests.test_main" name="test_main_env_vars" time="0.004" /><testcase classname="tests.test_metrics" name="test_metrics_initialization" time="0.001" /><testcase classname="tests.test_metrics" name="test_metrics_increment" time="0.001" /><testcase classname="tests.test_metrics" name="test_health_endpoint" time="0.525" /><testcase classname="tests.test_normalizer" name="test_default_normalization" time="0.001" /><testcase classname="tests.test_normalizer" name="test_no_normalization" time="0.001" /><testcase classname="tests.test_normalizer" name="test_remove_asterisk_default" time="0.001" /><testcase classname="tests.test_normalizer" name="test_remove_emoji" time="0.007" /><testcase classname="tests.test_normalizer" name="test_keep_emoji_by_default" time="0.001" /><testcase classname="tests.test_normalizer" name="test_markdown_normalization" time="0.002" /><testcase classname="tests.test_normalizer" name="test_regex_replacements" time="0.001" /><testcase classname="tests.test_normalizer" name="test_normalize_empty_text" time="0.001" /><testcase classname="tests.test_normalizer" name="test_combined_normalization" time="0.001" /><testcase classname="tests.test_normalizer" name="test_invalid_regex_validation" time="0.001" /><testcase classname="tests.test_normalizer" name="test_empty_string_input" time="0.001" /><testcase classname="tests.test_normalizer" name="test_whitespace_only_input" time="0.001" /><testcase classname="tests.test_normalizer" name="test_remove_urls" time="0.001" /><testcase classname="tests.test_normalizer" name="test_collapse_whitespace" time="0.001" /><testcase classname="tests.test_normalizer" name="test_remove_code_blocks" time="0.001" /><testcase classname="tests.test_normalizer" name="test_max_text_length" time="0.001" /><testcase classname="tests.test_normalizer" name="test_multiple_newlines_stipping" time="0.001" /></testsuite></testsuites>