<?xml version="1.0" encoding="utf-8"?><testsuites name="pytest tests"><testsuite name="pytest" errors="0" failures="0" skipped="0" tests="46" time="0.294" timestamp="2026-01-06T03:30:05.075590-07:00" hostname="Teagans-MacBook-Air-M2-2.local"><testcase classname="tests.test_config" name="test_load_empty_config" time="0.001" /><testcase classname="tests.test_config" name="test_load_valid_config" time="0.003" /><testcase classname="tests.test_config" name="test_load_partial_config_markdown" time="0.002" /><testcase classname="tests.test_config" name="test_load_partial_config_emoji" time="0.001" /><testcase classname="tests.test_config" name="test_load_partial_config_replacements" time="0.002" /><testcase classname="tests.test_config" name="test_load_invalid_config_format" time="0.001" /><testcase classname="tests.test_config" name="test_load_invalid_replacements_format" time="0.001" /><testcase classname="tests.test_config" name="test_load_invalid_regex_pattern" time="0.001" /><testcase classname="tests.test_config" name="test_load_missing_config_file" time="0.000" /><testcase classname="tests.test_config" name="test_load_malformed_yaml" time="0.001" /><testcase classname="tests.test_config" name="test_load_missing_required_regex" time="0.001" /><testcase classname="tests.test_config" name="test_load_incorrect_type_in_config" time="0.001" /><testcase classname="tests.test_handler" name="test_handler_describe" time="0.005" /><testcase classname="tests.test_handler" name="test_handler_describe_error" time="0.003" /><testcase classname="tests.test_handler" name="test_handler_describe_info_fallback" time="0.005" /><testcase classname="tests.test_handler" name="test_handler_describe_timeout" time="0.004" /><testcase classname="tests.test_handler" name="test_handler_synthesize_timeout" time="0.003" /><testcase classname="tests.test_handler" name="test_handler_synthesize_connection_refused" time="0.003" /><testcase classname="tests.test_handler" name="test_handler_describe_fallback" time="0.004" /><testcase classname="tests.test_handler" name="test_handler_synthesize" time="0.003" /><testcase classname="tests.test_handler" name="test_handler_synthesize_empty" time="0.002" /><testcase classname="tests.test_handler" name="test_handler_unhandled_event" time="0.002" /><testcase classname="tests.test_handler" name="test_handler_describe_generic_error" time="0.005" /><testcase classname="tests.test_main" name="test_main_cli" time="0.003" /><testcase classname="tests.test_main" name="test_main_log_level_env" time="0.002" /><testcase classname="tests.test_main" name="test_main_log_level_cli" time="0.002" /><testcase classname="tests.test_main" name="test_main_debug_flag" time="0.002" /><testcase classname="tests.test_main" name="test_main_cli_with_config" time="0.002" /><testcase classname="tests.test_main" name="test_main_env_vars" time="0.001" /><testcase classname="tests.test_normalizer" name="test_default_normalization" time="0.000" /><testcase classname="tests.test_normalizer" name="test_no_normalization" time="0.000" /><testcase classname="tests.test_normalizer" name="test_remove_asterisk_default" time="0.000" /><testcase classname="tests.test_normalizer" name="test_remove_emoji" time="0.005" /><testcase classname="tests.test_normalizer" name="test_keep_emoji_by_default" time="0.000" /><testcase classname="tests.test_normalizer" name="test_markdown_normalization" time="0.001" /><testcase classname="tests.test_normalizer" name="test_regex_replacements" time="0.000" /><testcase classname="tests.test_normalizer" name="test_normalize_empty_text" time="0.000" /><testcase classname="tests.test_normalizer" name="test_combined_normalization" time="0.001" /><testcase classname="tests.test_normalizer" name="test_invalid_regex_validation" time="0.000" /><testcase classname="tests.test_normalizer" name="test_empty_string_input" time="0.000" /><testcase classname="tests.test_normalizer" name="test_whitespace_only_input" time="0.000" /><testcase classname="tests.test_normalizer" name="test_remove_urls" time="0.000" /><testcase classname="tests.test_normalizer" name="test_collapse_whitespace" time="0.000" /><testcase classname="tests.test_normalizer" name="test_remove_code_blocks" time="0.001" /><testcase classname="tests.test_normalizer" name="test_max_text_length" time="0.000" /><testcase classname="tests.test_normalizer" name="test_multiple_newlines_stipping" time="0.000" /></testsuite></testsuites>